<?xml version="1.0" encoding="UTF-8"?>
<!-- Generated by org.testng.reporters.JUnitReportReporter -->
<testsuite hostname="shidqiadiatma" failures="0" tests="4" name="app.binar.runners.testRunner" time="15.142" errors="0" timestamp="2023-12-08T23:22:53 WIB" skipped="0">
  <testcase classname="app.binar.runners.testRunner" name="runScenario" time="3.577"/>
  <testcase classname="app.binar.runners.testRunner" name="runScenario" time="3.593"/>
  <testcase classname="app.binar.runners.testRunner" name="runScenario" time="4.665"/>
  <testcase classname="app.binar.runners.testRunner" name="runScenario" time="3.307"/>
</testsuite> <!-- app.binar.runners.testRunner -->
